#! /c/Source/iverilog-install/bin/vvp
:ivl_version "12.0 (devel)" "(s20150603-1539-g2693dd32b)";
:ivl_delay_selection "TYPICAL";
:vpi_time_precision + 0;
:vpi_module "C:\iverilog\lib\ivl\system.vpi";
:vpi_module "C:\iverilog\lib\ivl\vhdl_sys.vpi";
:vpi_module "C:\iverilog\lib\ivl\vhdl_textio.vpi";
:vpi_module "C:\iverilog\lib\ivl\v2005_math.vpi";
:vpi_module "C:\iverilog\lib\ivl\va_math.vpi";
S_000001e9be726b60 .scope module, "sar_logic" "sar_logic" 2 1;
 .timescale 0 0;
    .port_info 0 /INPUT 1 "clk";
    .port_info 1 /INPUT 1 "rst";
    .port_info 2 /INPUT 1 "start";
    .port_info 3 /INPUT 1 "comp_out";
    .port_info 4 /OUTPUT 1 "sample";
    .port_info 5 /OUTPUT 1 "busy";
    .port_info 6 /OUTPUT 1 "done";
    .port_info 7 /OUTPUT 8 "sar_code";
P_000001e9be726cf0 .param/l "N" 0 2 1, +C4<00000000000000000000000000001000>;
P_000001e9be726d28 .param/l "S_DECIDE" 1 2 14, C4<011>;
P_000001e9be726d60 .param/l "S_DONE" 1 2 15, C4<100>;
P_000001e9be726d98 .param/l "S_IDLE" 1 2 11, C4<000>;
P_000001e9be726dd0 .param/l "S_SAMPLE" 1 2 12, C4<001>;
P_000001e9be726e08 .param/l "S_TRIAL" 1 2 13, C4<010>;
v000001e9be729580_0 .var "busy", 0 0;
o000001e9bea7f008 .functor BUFZ 1, C4<z>; HiZ drive
v000001e9be727240_0 .net "clk", 0 0, o000001e9bea7f008;  0 drivers
o000001e9bea7f038 .functor BUFZ 1, C4<z>; HiZ drive
v000001e9be727460_0 .net "comp_out", 0 0, o000001e9bea7f038;  0 drivers
v000001e9be726e50_0 .var "done", 0 0;
v000001e9beac3c40_0 .var "next_state", 2 0;
o000001e9bea7f0c8 .functor BUFZ 1, C4<z>; HiZ drive
v000001e9beac3ce0_0 .net "rst", 0 0, o000001e9bea7f0c8;  0 drivers
v000001e9beac3d80_0 .var "sample", 0 0;
v000001e9beac3e20_0 .var "sar_code", 7 0;
o000001e9bea7f158 .functor BUFZ 1, C4<z>; HiZ drive
v000001e9beac3ec0_0 .net "start", 0 0, o000001e9bea7f158;  0 drivers
v000001e9bea72f80_0 .var "state", 2 0;
v000001e9bea73020_0 .var "trial_bit_pointer", 7 0;
E_000001e9be7288e0 .event anyedge, v000001e9bea72f80_0;
E_000001e9be728360 .event posedge, v000001e9be727240_0;
E_000001e9be728620 .event anyedge, v000001e9bea72f80_0, v000001e9beac3ec0_0, v000001e9bea73020_0;
    .scope S_000001e9be726b60;
T_0 ;
    %wait E_000001e9be728360;
    %load/vec4 v000001e9beac3ce0_0;
    %flag_set/vec4 8;
    %jmp/0xz  T_0.0, 8;
    %pushi/vec4 0, 0, 3;
    %assign/vec4 v000001e9bea72f80_0, 0;
    %jmp T_0.1;
T_0.0 ;
    %load/vec4 v000001e9beac3c40_0;
    %assign/vec4 v000001e9bea72f80_0, 0;
T_0.1 ;
    %jmp T_0;
    .thread T_0;
    .scope S_000001e9be726b60;
T_1 ;
    %wait E_000001e9be728620;
    %load/vec4 v000001e9bea72f80_0;
    %store/vec4 v000001e9beac3c40_0, 0, 3;
    %load/vec4 v000001e9bea72f80_0;
    %dup/vec4;
    %pushi/vec4 0, 0, 3;
    %cmp/u;
    %jmp/1 T_1.0, 6;
    %dup/vec4;
    %pushi/vec4 1, 0, 3;
    %cmp/u;
    %jmp/1 T_1.1, 6;
    %dup/vec4;
    %pushi/vec4 2, 0, 3;
    %cmp/u;
    %jmp/1 T_1.2, 6;
    %dup/vec4;
    %pushi/vec4 3, 0, 3;
    %cmp/u;
    %jmp/1 T_1.3, 6;
    %dup/vec4;
    %pushi/vec4 4, 0, 3;
    %cmp/u;
    %jmp/1 T_1.4, 6;
    %pushi/vec4 0, 0, 3;
    %store/vec4 v000001e9beac3c40_0, 0, 3;
    %jmp T_1.6;
T_1.0 ;
    %load/vec4 v000001e9beac3ec0_0;
    %flag_set/vec4 8;
    %jmp/0xz  T_1.7, 8;
    %pushi/vec4 1, 0, 3;
    %store/vec4 v000001e9beac3c40_0, 0, 3;
T_1.7 ;
    %jmp T_1.6;
T_1.1 ;
    %pushi/vec4 2, 0, 3;
    %store/vec4 v000001e9beac3c40_0, 0, 3;
    %jmp T_1.6;
T_1.2 ;
    %pushi/vec4 3, 0, 3;
    %store/vec4 v000001e9beac3c40_0, 0, 3;
    %jmp T_1.6;
T_1.3 ;
    %load/vec4 v000001e9bea73020_0;
    %pad/u 32;
    %cmpi/e 1, 0, 32;
    %jmp/0xz  T_1.9, 4;
    %pushi/vec4 4, 0, 3;
    %store/vec4 v000001e9beac3c40_0, 0, 3;
    %jmp T_1.10;
T_1.9 ;
    %pushi/vec4 2, 0, 3;
    %store/vec4 v000001e9beac3c40_0, 0, 3;
T_1.10 ;
    %jmp T_1.6;
T_1.4 ;
    %pushi/vec4 0, 0, 3;
    %store/vec4 v000001e9beac3c40_0, 0, 3;
    %jmp T_1.6;
T_1.6 ;
    %pop/vec4 1;
    %jmp T_1;
    .thread T_1, $push;
    .scope S_000001e9be726b60;
T_2 ;
    %wait E_000001e9be728360;
    %load/vec4 v000001e9beac3ce0_0;
    %flag_set/vec4 8;
    %jmp/0xz  T_2.0, 8;
    %pushi/vec4 0, 0, 8;
    %assign/vec4 v000001e9beac3e20_0, 0;
    %pushi/vec4 0, 0, 8;
    %assign/vec4 v000001e9bea73020_0, 0;
    %jmp T_2.1;
T_2.0 ;
    %load/vec4 v000001e9bea72f80_0;
    %dup/vec4;
    %pushi/vec4 1, 0, 3;
    %cmp/u;
    %jmp/1 T_2.2, 6;
    %dup/vec4;
    %pushi/vec4 2, 0, 3;
    %cmp/u;
    %jmp/1 T_2.3, 6;
    %dup/vec4;
    %pushi/vec4 3, 0, 3;
    %cmp/u;
    %jmp/1 T_2.4, 6;
    %dup/vec4;
    %pushi/vec4 4, 0, 3;
    %cmp/u;
    %jmp/1 T_2.5, 6;
    %jmp T_2.6;
T_2.2 ;
    %pushi/vec4 0, 0, 8;
    %assign/vec4 v000001e9beac3e20_0, 0;
    %pushi/vec4 128, 0, 8;
    %assign/vec4 v000001e9bea73020_0, 0;
    %jmp T_2.6;
T_2.3 ;
    %load/vec4 v000001e9beac3e20_0;
    %load/vec4 v000001e9bea73020_0;
    %or;
    %assign/vec4 v000001e9beac3e20_0, 0;
    %jmp T_2.6;
T_2.4 ;
    %load/vec4 v000001e9be727460_0;
    %pad/u 32;
    %cmpi/e 0, 0, 32;
    %jmp/0xz  T_2.7, 4;
    %load/vec4 v000001e9beac3e20_0;
    %load/vec4 v000001e9bea73020_0;
    %inv;
    %and;
    %assign/vec4 v000001e9beac3e20_0, 0;
T_2.7 ;
    %load/vec4 v000001e9bea73020_0;
    %ix/load 4, 1, 0;
    %flag_set/imm 4, 0;
    %shiftr 4;
    %assign/vec4 v000001e9bea73020_0, 0;
    %jmp T_2.6;
T_2.5 ;
    %pushi/vec4 0, 0, 8;
    %assign/vec4 v000001e9bea73020_0, 0;
    %jmp T_2.6;
T_2.6 ;
    %pop/vec4 1;
T_2.1 ;
    %jmp T_2;
    .thread T_2;
    .scope S_000001e9be726b60;
T_3 ;
    %wait E_000001e9be7288e0;
    %load/vec4 v000001e9bea72f80_0;
    %pushi/vec4 1, 0, 3;
    %cmp/e;
    %flag_get/vec4 4;
    %store/vec4 v000001e9beac3d80_0, 0, 1;
    %load/vec4 v000001e9bea72f80_0;
    %pushi/vec4 4, 0, 3;
    %cmp/e;
    %flag_get/vec4 4;
    %store/vec4 v000001e9be726e50_0, 0, 1;
    %load/vec4 v000001e9bea72f80_0;
    %pushi/vec4 2, 0, 3;
    %cmp/e;
    %flag_get/vec4 4;
    %load/vec4 v000001e9bea72f80_0;
    %pushi/vec4 3, 0, 3;
    %cmp/e;
    %flag_get/vec4 4;
    %or;
    %load/vec4 v000001e9bea72f80_0;
    %pushi/vec4 4, 0, 3;
    %cmp/e;
    %flag_get/vec4 4;
    %or;
    %store/vec4 v000001e9be729580_0, 0, 1;
    %jmp T_3;
    .thread T_3, $push;
# The file index is used to find the file name in the following table.
:file_names 3;
    "N/A";
    "<interactive>";
    "sar_logic.v";
